<?xml version="1.0" encoding="UTF-8"?>
<testng-results ignored="0" total="1" passed="1" failed="0" skipped="0">
  <reporter-output>
  </reporter-output>
  <suite started-at="2023-07-02T01:05:36 EDT" name="Default suite" finished-at="2023-07-02T01:05:37 EDT" duration-ms="1254">
    <groups>
    </groups>
    <test started-at="2023-07-02T01:05:36 EDT" name="Default test" finished-at="2023-07-02T01:05:37 EDT" duration-ms="1254">
      <class name="API_RahulShetty.API_RahulShetty.PriceValidation">
        <test-method signature="sumOfCourses()[pri:0, instance:API_RahulShetty.API_RahulShetty.PriceValidation@4d5b6aac]" started-at="2023-07-02T01:05:36 EDT" name="sumOfCourses" finished-at="2023-07-02T01:05:37 EDT" duration-ms="1204" status="PASS">
          <reporter-output>
          </reporter-output>
        </test-method> <!-- sumOfCourses -->
      </class> <!-- API_RahulShetty.API_RahulShetty.PriceValidation -->
    </test> <!-- Default test -->
  </suite> <!-- Default suite -->
</testng-results>
